2026-03-09 22:48:40 - JVDB2 - INFO - Inicializando pool con 2 conexiones
2026-03-09 22:48:40 - JVDB2 - INFO - JVDB2 inicializado con pool de conexiones
2026-03-09 22:48:40 - JVDB2 - INFO - SQL: SELECT * FROM usuarios
2026-03-09 22:48:40 - JVDB2 - INFO - Seleccionados 0 registros de 'usuarios'
2026-03-09 22:48:40 - JVDB2 - INFO - Cerrando pool de conexiones
2026-03-09 22:48:40 - JVDB2 - INFO - Pool cerrado
2026-03-09 22:48:40 - JVDB2 - INFO - Pool de conexiones cerrado
2026-03-09 22:48:40 - JVDB2 - INFO - Cerrando pool de conexiones
2026-03-09 22:48:40 - JVDB2 - INFO - Pool cerrado
2026-03-09 22:48:40 - JVDB2 - INFO - Pool de conexiones cerrado
2026-03-09 22:48:40 - JVDB2 - INFO - Inicializando pool con 2 conexiones
2026-03-09 22:48:40 - JVDB2 - INFO - JVDB2 inicializado con pool de conexiones
2026-03-09 22:48:40 - JVDB2 - INFO - SQL: SELECT Nombre, Apellido, Email FROM usuarios WHERE Activo = %s ORDER BY Apellido ASC LIMIT 5 | Params: (1,)
2026-03-09 22:48:40 - JVDB2 - INFO - Seleccionados 0 registros de 'usuarios'
2026-03-09 22:48:40 - JVDB2 - INFO - SQL: INSERT INTO usuarios (Nombre, Apellido, Email, Edad, Activo) VALUES (%s, %s, %s, %s, %s) | Params: ('Ana', 'García', 'ana.garcia@example.com', 28, 1)
2026-03-09 22:48:40 - JVDB2 - INFO - Registro insertado en 'usuarios'
2026-03-09 22:48:40 - JVDB2 - INFO - SQL: UPDATE usuarios SET Activo = %s WHERE Email = %s | Params: (0, 'ana.garcia@example.com')
2026-03-09 22:48:40 - JVDB2 - INFO - None registro(s) actualizado(s) en 'usuarios'
2026-03-09 22:48:40 - JVDB2 - INFO - SQL: DELETE FROM usuarios WHERE Email = %s | Params: ('ana.garcia@example.com',)
2026-03-09 22:48:40 - JVDB2 - INFO - None registro(s) eliminado(s) de 'usuarios'
2026-03-09 22:48:40 - JVDB2 - INFO - Cerrando pool de conexiones
2026-03-09 22:48:40 - JVDB2 - INFO - Pool cerrado
2026-03-09 22:48:40 - JVDB2 - INFO - Pool de conexiones cerrado
2026-03-09 22:48:40 - JVDB2 - INFO - Cerrando pool de conexiones
2026-03-09 22:48:40 - JVDB2 - INFO - Pool cerrado
2026-03-09 22:48:40 - JVDB2 - INFO - Pool de conexiones cerrado
2026-03-09 22:48:40 - JVDB2 - INFO - Inicializando pool con 2 conexiones
2026-03-09 22:48:40 - JVDB2 - INFO - JVDB2 inicializado con pool de conexiones
2026-03-09 22:48:40 - JVDB2 - INFO - Transacción: BEGIN
2026-03-09 22:48:40 - JVDB2 - INFO - SQL: INSERT INTO usuarios (Nombre, Apellido, Email, Edad, Activo) VALUES (%s, %s, %s, %s, %s) | Params: ('Carlos', 'López', 'carlos@test.com', 35, 1)
2026-03-09 22:48:40 - JVDB2 - INFO - Registro insertado en 'usuarios'
2026-03-09 22:48:40 - JVDB2 - INFO - SQL: INSERT INTO usuarios (Nombre, Apellido, Email, Edad, Activo) VALUES (%s, %s, %s, %s, %s) | Params: ('María', 'Ruiz', 'maria@test.com', 29, 1)
2026-03-09 22:48:40 - JVDB2 - INFO - Registro insertado en 'usuarios'
2026-03-09 22:48:40 - JVDB2 - INFO - SQL: INSERT INTO usuarios (Nombre, Apellido, Email, Edad, Activo) VALUES (%s, %s, %s, %s, %s) | Params: ('Pedro', 'Sanz', 'pedro@test.com', 42, 1)
2026-03-09 22:48:40 - JVDB2 - INFO - Registro insertado en 'usuarios'
2026-03-09 22:48:40 - JVDB2 - INFO - Transacción: COMMIT
2026-03-09 22:48:40 - JVDB2 - INFO - Transacción: BEGIN
2026-03-09 22:48:40 - JVDB2 - INFO - SQL: INSERT INTO usuarios (Nombre, Apellido, Email, Edad, Activo) VALUES (%s, %s, %s, %s, %s) | Params: ('Test', 'User', 'test@test.com', 25, 1)
2026-03-09 22:48:40 - JVDB2 - INFO - Registro insertado en 'usuarios'
2026-03-09 22:48:40 - JVDB2 - INFO - Transacción: ROLLBACK
2026-03-09 22:48:40 - JVDB2 - ERROR - Error en transacción: Error simulado
Traceback (most recent call last):
  File "D:\xampp\htdocs\Proyecto-JVDataAccess\examples\python\..\..\src\python\jvdb\jvdb2.py", line 468, in transaction
    yield conn
  File "D:\xampp\htdocs\Proyecto-JVDataAccess\examples\python\ejemplo_v2.py", line 182, in ejemplo_transacciones
    raise Exception("Error simulado")
Exception: Error simulado
2026-03-09 22:48:40 - JVDB2 - INFO - SQL: DELETE FROM usuarios WHERE Email = %s | Params: ('carlos@test.com',)
2026-03-09 22:48:40 - JVDB2 - INFO - None registro(s) eliminado(s) de 'usuarios'
2026-03-09 22:48:40 - JVDB2 - INFO - SQL: DELETE FROM usuarios WHERE Email = %s | Params: ('maria@test.com',)
2026-03-09 22:48:40 - JVDB2 - INFO - None registro(s) eliminado(s) de 'usuarios'
2026-03-09 22:48:40 - JVDB2 - INFO - SQL: DELETE FROM usuarios WHERE Email = %s | Params: ('pedro@test.com',)
2026-03-09 22:48:40 - JVDB2 - INFO - None registro(s) eliminado(s) de 'usuarios'
2026-03-09 22:48:40 - JVDB2 - INFO - Cerrando pool de conexiones
2026-03-09 22:48:40 - JVDB2 - INFO - Pool cerrado
2026-03-09 22:48:40 - JVDB2 - INFO - Pool de conexiones cerrado
2026-03-09 22:48:40 - JVDB2 - INFO - Inicializando pool con 2 conexiones
2026-03-09 22:48:40 - JVDB2 - INFO - JVDB2 inicializado con pool de conexiones
2026-03-09 22:48:40 - JVDB2 - INFO - Transacción: BEGIN
2026-03-09 22:48:40 - JVDB2 - INFO - SQL: INSERT INTO usuarios (Nombre, Apellido, Email, Edad, Activo) VALUES (%s, %s, %s, %s, %s) | Params: ('Usuario0', 'Apellido0', 'usuario0@test.com', 20, 1)
2026-03-09 22:48:40 - JVDB2 - INFO - Registro insertado en 'usuarios'
2026-03-09 22:48:40 - JVDB2 - INFO - SQL: INSERT INTO usuarios (Nombre, Apellido, Email, Edad, Activo) VALUES (%s, %s, %s, %s, %s) | Params: ('Usuario1', 'Apellido1', 'usuario1@test.com', 21, 1)
2026-03-09 22:48:40 - JVDB2 - INFO - Registro insertado en 'usuarios'
2026-03-09 22:48:40 - JVDB2 - INFO - SQL: INSERT INTO usuarios (Nombre, Apellido, Email, Edad, Activo) VALUES (%s, %s, %s, %s, %s) | Params: ('Usuario2', 'Apellido2', 'usuario2@test.com', 22, 1)
2026-03-09 22:48:40 - JVDB2 - INFO - Registro insertado en 'usuarios'
2026-03-09 22:48:40 - JVDB2 - INFO - SQL: INSERT INTO usuarios (Nombre, Apellido, Email, Edad, Activo) VALUES (%s, %s, %s, %s, %s) | Params: ('Usuario3', 'Apellido3', 'usuario3@test.com', 23, 1)
2026-03-09 22:48:40 - JVDB2 - INFO - Registro insertado en 'usuarios'
2026-03-09 22:48:40 - JVDB2 - INFO - SQL: INSERT INTO usuarios (Nombre, Apellido, Email, Edad, Activo) VALUES (%s, %s, %s, %s, %s) | Params: ('Usuario4', 'Apellido4', 'usuario4@test.com', 24, 1)
2026-03-09 22:48:40 - JVDB2 - INFO - Registro insertado en 'usuarios'
2026-03-09 22:48:40 - JVDB2 - INFO - Transacción: COMMIT
2026-03-09 22:48:40 - JVDB2 - INFO - 0 registros insertados en 'usuarios'
2026-03-09 22:48:40 - JVDB2 - INFO - SQL: DELETE FROM usuarios WHERE Email = %s | Params: ('usuario0@test.com',)
2026-03-09 22:48:40 - JVDB2 - INFO - None registro(s) eliminado(s) de 'usuarios'
2026-03-09 22:48:40 - JVDB2 - INFO - SQL: DELETE FROM usuarios WHERE Email = %s | Params: ('usuario1@test.com',)
2026-03-09 22:48:40 - JVDB2 - INFO - None registro(s) eliminado(s) de 'usuarios'
2026-03-09 22:48:40 - JVDB2 - INFO - SQL: DELETE FROM usuarios WHERE Email = %s | Params: ('usuario2@test.com',)
2026-03-09 22:48:40 - JVDB2 - INFO - None registro(s) eliminado(s) de 'usuarios'
2026-03-09 22:48:40 - JVDB2 - INFO - SQL: DELETE FROM usuarios WHERE Email = %s | Params: ('usuario3@test.com',)
2026-03-09 22:48:40 - JVDB2 - INFO - None registro(s) eliminado(s) de 'usuarios'
2026-03-09 22:48:40 - JVDB2 - INFO - SQL: DELETE FROM usuarios WHERE Email = %s | Params: ('usuario4@test.com',)
2026-03-09 22:48:40 - JVDB2 - INFO - None registro(s) eliminado(s) de 'usuarios'
2026-03-09 22:48:40 - JVDB2 - INFO - Cerrando pool de conexiones
2026-03-09 22:48:40 - JVDB2 - INFO - Pool cerrado
2026-03-09 22:48:40 - JVDB2 - INFO - Pool de conexiones cerrado
2026-03-09 22:48:40 - JVDB2 - INFO - Cerrando pool de conexiones
2026-03-09 22:48:40 - JVDB2 - INFO - Pool cerrado
2026-03-09 22:48:40 - JVDB2 - INFO - Pool de conexiones cerrado
2026-03-09 22:48:40 - JVDB2 - INFO - Inicializando pool con 2 conexiones
2026-03-09 22:48:40 - JVDB2 - INFO - JVDB2 inicializado con pool de conexiones
2026-03-09 22:48:40 - JVDB2 - ERROR - Error en insertar: No se proporcionaron datos para insertar
Traceback (most recent call last):
  File "D:\xampp\htdocs\Proyecto-JVDataAccess\examples\python\..\..\src\python\jvdb\jvdb2.py", line 240, in insertar
    raise ValidationError("No se proporcionaron datos para insertar")
src.python.jvdb.exceptions.ValidationError: No se proporcionaron datos para insertar
2026-03-09 22:48:40 - JVDB2 - INFO - Cerrando pool de conexiones
2026-03-09 22:48:40 - JVDB2 - INFO - Pool cerrado
2026-03-09 22:48:40 - JVDB2 - INFO - Pool de conexiones cerrado
2026-03-09 22:48:40 - JVDB2 - INFO - Cerrando pool de conexiones
2026-03-09 22:48:40 - JVDB2 - INFO - Pool cerrado
2026-03-09 22:48:40 - JVDB2 - INFO - Pool de conexiones cerrado
2026-03-09 22:48:40 - JVDB2 - INFO - Cerrando pool de conexiones
2026-03-09 22:48:40 - JVDB2 - INFO - Pool cerrado
2026-03-09 22:48:40 - JVDB2 - INFO - Pool de conexiones cerrado
2026-03-09 22:50:03 - JVDB2 - INFO - Inicializando pool con 2 conexiones
2026-03-09 22:50:03 - JVDB2 - INFO - JVDB2 inicializado con pool de conexiones
2026-03-09 22:50:03 - JVDB2 - INFO - SQL: SELECT * FROM usuarios
2026-03-09 22:50:03 - JVDB2 - INFO - Seleccionados 0 registros de 'usuarios'
2026-03-09 22:50:03 - JVDB2 - INFO - Cerrando pool de conexiones
2026-03-09 22:50:03 - JVDB2 - INFO - Pool cerrado
2026-03-09 22:50:03 - JVDB2 - INFO - Pool de conexiones cerrado
2026-03-09 22:50:03 - JVDB2 - INFO - Cerrando pool de conexiones
2026-03-09 22:50:03 - JVDB2 - INFO - Pool cerrado
2026-03-09 22:50:03 - JVDB2 - INFO - Pool de conexiones cerrado
2026-03-09 22:50:03 - JVDB2 - INFO - Inicializando pool con 2 conexiones
2026-03-09 22:50:03 - JVDB2 - INFO - JVDB2 inicializado con pool de conexiones
2026-03-09 22:50:03 - JVDB2 - INFO - SQL: SELECT Nombre, Apellido, Email FROM usuarios WHERE Activo = %s ORDER BY Apellido ASC LIMIT 5 | Params: (1,)
2026-03-09 22:50:03 - JVDB2 - INFO - Seleccionados 0 registros de 'usuarios'
2026-03-09 22:50:03 - JVDB2 - INFO - SQL: INSERT INTO usuarios (Nombre, Apellido, Email, Edad, Activo) VALUES (%s, %s, %s, %s, %s) | Params: ('Ana', 'García', 'ana.garcia@example.com', 28, 1)
2026-03-09 22:50:03 - JVDB2 - INFO - Registro insertado en 'usuarios'
2026-03-09 22:50:03 - JVDB2 - INFO - SQL: UPDATE usuarios SET Activo = %s WHERE Email = %s | Params: (0, 'ana.garcia@example.com')
2026-03-09 22:50:03 - JVDB2 - INFO - None registro(s) actualizado(s) en 'usuarios'
2026-03-09 22:50:03 - JVDB2 - INFO - SQL: DELETE FROM usuarios WHERE Email = %s | Params: ('ana.garcia@example.com',)
2026-03-09 22:50:03 - JVDB2 - INFO - None registro(s) eliminado(s) de 'usuarios'
2026-03-09 22:50:03 - JVDB2 - INFO - Cerrando pool de conexiones
2026-03-09 22:50:03 - JVDB2 - INFO - Pool cerrado
2026-03-09 22:50:03 - JVDB2 - INFO - Pool de conexiones cerrado
2026-03-09 22:50:03 - JVDB2 - INFO - Cerrando pool de conexiones
2026-03-09 22:50:03 - JVDB2 - INFO - Pool cerrado
2026-03-09 22:50:03 - JVDB2 - INFO - Pool de conexiones cerrado
2026-03-09 22:50:03 - JVDB2 - INFO - Inicializando pool con 2 conexiones
2026-03-09 22:50:03 - JVDB2 - INFO - JVDB2 inicializado con pool de conexiones
2026-03-09 22:50:03 - JVDB2 - INFO - Transacción: BEGIN
2026-03-09 22:50:03 - JVDB2 - INFO - SQL: INSERT INTO usuarios (Nombre, Apellido, Email, Edad, Activo) VALUES (%s, %s, %s, %s, %s) | Params: ('Carlos', 'López', 'carlos@test.com', 35, 1)
2026-03-09 22:50:03 - JVDB2 - INFO - Registro insertado en 'usuarios'
2026-03-09 22:50:03 - JVDB2 - INFO - SQL: INSERT INTO usuarios (Nombre, Apellido, Email, Edad, Activo) VALUES (%s, %s, %s, %s, %s) | Params: ('María', 'Ruiz', 'maria@test.com', 29, 1)
2026-03-09 22:50:03 - JVDB2 - INFO - Registro insertado en 'usuarios'
2026-03-09 22:50:03 - JVDB2 - INFO - SQL: INSERT INTO usuarios (Nombre, Apellido, Email, Edad, Activo) VALUES (%s, %s, %s, %s, %s) | Params: ('Pedro', 'Sanz', 'pedro@test.com', 42, 1)
2026-03-09 22:50:03 - JVDB2 - INFO - Registro insertado en 'usuarios'
2026-03-09 22:50:03 - JVDB2 - INFO - Transacción: COMMIT
2026-03-09 22:50:03 - JVDB2 - INFO - Transacción: BEGIN
2026-03-09 22:50:03 - JVDB2 - INFO - SQL: INSERT INTO usuarios (Nombre, Apellido, Email, Edad, Activo) VALUES (%s, %s, %s, %s, %s) | Params: ('Test', 'User', 'test@test.com', 25, 1)
2026-03-09 22:50:03 - JVDB2 - INFO - Registro insertado en 'usuarios'
2026-03-09 22:50:03 - JVDB2 - INFO - Transacción: ROLLBACK
2026-03-09 22:50:03 - JVDB2 - ERROR - Error en transacción: Error simulado
Traceback (most recent call last):
  File "D:\xampp\htdocs\Proyecto-JVDataAccess\examples\python\..\..\src\python\jvdb\jvdb2.py", line 468, in transaction
    yield conn
  File "D:\xampp\htdocs\Proyecto-JVDataAccess\examples\python\ejemplo_v2.py", line 182, in ejemplo_transacciones
    raise Exception("Error simulado")
Exception: Error simulado
2026-03-09 22:50:03 - JVDB2 - INFO - SQL: DELETE FROM usuarios WHERE Email = %s | Params: ('carlos@test.com',)
2026-03-09 22:50:03 - JVDB2 - INFO - None registro(s) eliminado(s) de 'usuarios'
2026-03-09 22:50:03 - JVDB2 - INFO - SQL: DELETE FROM usuarios WHERE Email = %s | Params: ('maria@test.com',)
2026-03-09 22:50:03 - JVDB2 - INFO - None registro(s) eliminado(s) de 'usuarios'
2026-03-09 22:50:03 - JVDB2 - INFO - SQL: DELETE FROM usuarios WHERE Email = %s | Params: ('pedro@test.com',)
2026-03-09 22:50:03 - JVDB2 - INFO - None registro(s) eliminado(s) de 'usuarios'
2026-03-09 22:50:03 - JVDB2 - INFO - Cerrando pool de conexiones
2026-03-09 22:50:03 - JVDB2 - INFO - Pool cerrado
2026-03-09 22:50:03 - JVDB2 - INFO - Pool de conexiones cerrado
2026-03-09 22:50:03 - JVDB2 - INFO - Inicializando pool con 2 conexiones
2026-03-09 22:50:03 - JVDB2 - INFO - JVDB2 inicializado con pool de conexiones
2026-03-09 22:50:03 - JVDB2 - INFO - Transacción: BEGIN
2026-03-09 22:50:03 - JVDB2 - INFO - SQL: INSERT INTO usuarios (Nombre, Apellido, Email, Edad, Activo) VALUES (%s, %s, %s, %s, %s) | Params: ('Usuario0', 'Apellido0', 'usuario0@test.com', 20, 1)
2026-03-09 22:50:03 - JVDB2 - INFO - Registro insertado en 'usuarios'
2026-03-09 22:50:03 - JVDB2 - INFO - SQL: INSERT INTO usuarios (Nombre, Apellido, Email, Edad, Activo) VALUES (%s, %s, %s, %s, %s) | Params: ('Usuario1', 'Apellido1', 'usuario1@test.com', 21, 1)
2026-03-09 22:50:03 - JVDB2 - INFO - Registro insertado en 'usuarios'
2026-03-09 22:50:03 - JVDB2 - INFO - SQL: INSERT INTO usuarios (Nombre, Apellido, Email, Edad, Activo) VALUES (%s, %s, %s, %s, %s) | Params: ('Usuario2', 'Apellido2', 'usuario2@test.com', 22, 1)
2026-03-09 22:50:03 - JVDB2 - INFO - Registro insertado en 'usuarios'
2026-03-09 22:50:03 - JVDB2 - INFO - SQL: INSERT INTO usuarios (Nombre, Apellido, Email, Edad, Activo) VALUES (%s, %s, %s, %s, %s) | Params: ('Usuario3', 'Apellido3', 'usuario3@test.com', 23, 1)
2026-03-09 22:50:03 - JVDB2 - INFO - Registro insertado en 'usuarios'
2026-03-09 22:50:03 - JVDB2 - INFO - SQL: INSERT INTO usuarios (Nombre, Apellido, Email, Edad, Activo) VALUES (%s, %s, %s, %s, %s) | Params: ('Usuario4', 'Apellido4', 'usuario4@test.com', 24, 1)
2026-03-09 22:50:03 - JVDB2 - INFO - Registro insertado en 'usuarios'
2026-03-09 22:50:03 - JVDB2 - INFO - Transacción: COMMIT
2026-03-09 22:50:03 - JVDB2 - INFO - 0 registros insertados en 'usuarios'
2026-03-09 22:50:03 - JVDB2 - INFO - SQL: DELETE FROM usuarios WHERE Email = %s | Params: ('usuario0@test.com',)
2026-03-09 22:50:03 - JVDB2 - INFO - None registro(s) eliminado(s) de 'usuarios'
2026-03-09 22:50:03 - JVDB2 - INFO - SQL: DELETE FROM usuarios WHERE Email = %s | Params: ('usuario1@test.com',)
2026-03-09 22:50:03 - JVDB2 - INFO - None registro(s) eliminado(s) de 'usuarios'
2026-03-09 22:50:03 - JVDB2 - INFO - SQL: DELETE FROM usuarios WHERE Email = %s | Params: ('usuario2@test.com',)
2026-03-09 22:50:03 - JVDB2 - INFO - None registro(s) eliminado(s) de 'usuarios'
2026-03-09 22:50:03 - JVDB2 - INFO - SQL: DELETE FROM usuarios WHERE Email = %s | Params: ('usuario3@test.com',)
2026-03-09 22:50:03 - JVDB2 - INFO - None registro(s) eliminado(s) de 'usuarios'
2026-03-09 22:50:03 - JVDB2 - INFO - SQL: DELETE FROM usuarios WHERE Email = %s | Params: ('usuario4@test.com',)
2026-03-09 22:50:03 - JVDB2 - INFO - None registro(s) eliminado(s) de 'usuarios'
2026-03-09 22:50:03 - JVDB2 - INFO - Cerrando pool de conexiones
2026-03-09 22:50:03 - JVDB2 - INFO - Pool cerrado
2026-03-09 22:50:03 - JVDB2 - INFO - Pool de conexiones cerrado
2026-03-09 22:50:03 - JVDB2 - INFO - Cerrando pool de conexiones
2026-03-09 22:50:03 - JVDB2 - INFO - Pool cerrado
2026-03-09 22:50:03 - JVDB2 - INFO - Pool de conexiones cerrado
2026-03-09 22:50:03 - JVDB2 - INFO - Inicializando pool con 2 conexiones
2026-03-09 22:50:03 - JVDB2 - INFO - JVDB2 inicializado con pool de conexiones
2026-03-09 22:50:03 - JVDB2 - ERROR - Error en insertar: No se proporcionaron datos para insertar
Traceback (most recent call last):
  File "D:\xampp\htdocs\Proyecto-JVDataAccess\examples\python\..\..\src\python\jvdb\jvdb2.py", line 240, in insertar
    raise ValidationError("No se proporcionaron datos para insertar")
src.python.jvdb.exceptions.ValidationError: No se proporcionaron datos para insertar
2026-03-09 22:50:03 - JVDB2 - INFO - Cerrando pool de conexiones
2026-03-09 22:50:03 - JVDB2 - INFO - Pool cerrado
2026-03-09 22:50:03 - JVDB2 - INFO - Pool de conexiones cerrado
2026-03-09 22:50:04 - JVDB2 - INFO - Cerrando pool de conexiones
2026-03-09 22:50:04 - JVDB2 - INFO - Pool cerrado
2026-03-09 22:50:04 - JVDB2 - INFO - Pool de conexiones cerrado
2026-03-09 22:50:04 - JVDB2 - INFO - Cerrando pool de conexiones
2026-03-09 22:50:04 - JVDB2 - INFO - Pool cerrado
2026-03-09 22:50:04 - JVDB2 - INFO - Pool de conexiones cerrado
2026-03-09 22:56:04 - JVDB2 - INFO - Inicializando pool con 2 conexiones
2026-03-09 22:56:04 - JVDB2 - INFO - JVDB2 inicializado con pool de conexiones
2026-03-09 22:56:04 - JVDB2 - INFO - SQL: SELECT * FROM usuarios
2026-03-09 22:56:04 - JVDB2 - INFO - Seleccionados 4 registros de 'usuarios'
2026-03-09 22:56:04 - JVDB2 - INFO - Cerrando pool de conexiones
2026-03-09 22:56:04 - JVDB2 - INFO - Pool cerrado
2026-03-09 22:56:04 - JVDB2 - INFO - Pool de conexiones cerrado
2026-03-09 22:56:04 - JVDB2 - INFO - Cerrando pool de conexiones
2026-03-09 22:56:04 - JVDB2 - INFO - Pool cerrado
2026-03-09 22:56:04 - JVDB2 - INFO - Pool de conexiones cerrado
2026-03-09 22:56:04 - JVDB2 - INFO - Inicializando pool con 2 conexiones
2026-03-09 22:56:04 - JVDB2 - INFO - JVDB2 inicializado con pool de conexiones
2026-03-09 22:56:04 - JVDB2 - INFO - SQL: SELECT Nombre, Apellido, Email FROM usuarios WHERE Activo = %s ORDER BY Apellido ASC LIMIT 5 | Params: (1,)
2026-03-09 22:56:04 - JVDB2 - INFO - Seleccionados 3 registros de 'usuarios'
2026-03-09 22:56:04 - JVDB2 - INFO - SQL: INSERT INTO usuarios (Nombre, Apellido, Email, Edad, Activo) VALUES (%s, %s, %s, %s, %s) | Params: ('Ana', 'García', 'ana.garcia@example.com', 28, 1)
2026-03-09 22:56:04 - JVDB2 - INFO - Registro insertado en 'usuarios'
2026-03-09 22:56:04 - JVDB2 - INFO - SQL: UPDATE usuarios SET Activo = %s WHERE Email = %s | Params: (0, 'ana.garcia@example.com')
2026-03-09 22:56:04 - JVDB2 - INFO - 1 registro(s) actualizado(s) en 'usuarios'
2026-03-09 22:56:04 - JVDB2 - INFO - SQL: DELETE FROM usuarios WHERE Email = %s | Params: ('ana.garcia@example.com',)
2026-03-09 22:56:04 - JVDB2 - INFO - 1 registro(s) eliminado(s) de 'usuarios'
2026-03-09 22:56:04 - JVDB2 - INFO - Cerrando pool de conexiones
2026-03-09 22:56:04 - JVDB2 - INFO - Pool cerrado
2026-03-09 22:56:04 - JVDB2 - INFO - Pool de conexiones cerrado
2026-03-09 22:56:04 - JVDB2 - INFO - Cerrando pool de conexiones
2026-03-09 22:56:04 - JVDB2 - INFO - Pool cerrado
2026-03-09 22:56:04 - JVDB2 - INFO - Pool de conexiones cerrado
2026-03-09 22:56:04 - JVDB2 - INFO - Inicializando pool con 2 conexiones
2026-03-09 22:56:04 - JVDB2 - INFO - JVDB2 inicializado con pool de conexiones
2026-03-09 22:56:04 - JVDB2 - INFO - Transacción: BEGIN
2026-03-09 22:56:04 - JVDB2 - INFO - SQL: INSERT INTO usuarios (Nombre, Apellido, Email, Edad, Activo) VALUES (%s, %s, %s, %s, %s) | Params: ('Carlos', 'López', 'carlos@test.com', 35, 1)
2026-03-09 22:56:04 - JVDB2 - INFO - Registro insertado en 'usuarios'
2026-03-09 22:56:04 - JVDB2 - INFO - SQL: INSERT INTO usuarios (Nombre, Apellido, Email, Edad, Activo) VALUES (%s, %s, %s, %s, %s) | Params: ('María', 'Ruiz', 'maria@test.com', 29, 1)
2026-03-09 22:56:04 - JVDB2 - INFO - Registro insertado en 'usuarios'
2026-03-09 22:56:04 - JVDB2 - INFO - SQL: INSERT INTO usuarios (Nombre, Apellido, Email, Edad, Activo) VALUES (%s, %s, %s, %s, %s) | Params: ('Pedro', 'Sanz', 'pedro@test.com', 42, 1)
2026-03-09 22:56:04 - JVDB2 - INFO - Registro insertado en 'usuarios'
2026-03-09 22:56:04 - JVDB2 - INFO - Transacción: COMMIT
2026-03-09 22:56:04 - JVDB2 - INFO - Transacción: BEGIN
2026-03-09 22:56:04 - JVDB2 - INFO - SQL: INSERT INTO usuarios (Nombre, Apellido, Email, Edad, Activo) VALUES (%s, %s, %s, %s, %s) | Params: ('Test', 'User', 'test@test.com', 25, 1)
2026-03-09 22:56:04 - JVDB2 - INFO - Registro insertado en 'usuarios'
2026-03-09 22:56:04 - JVDB2 - INFO - Transacción: ROLLBACK
2026-03-09 22:56:04 - JVDB2 - ERROR - Error en transacción: Error simulado
Traceback (most recent call last):
  File "D:\xampp\htdocs\Proyecto-JVDataAccess\examples\python\..\..\src\python\jvdb\jvdb2.py", line 468, in transaction
    yield conn
  File "D:\xampp\htdocs\Proyecto-JVDataAccess\examples\python\ejemplo_v2.py", line 182, in ejemplo_transacciones
    raise Exception("Error simulado")
Exception: Error simulado
2026-03-09 22:56:04 - JVDB2 - INFO - SQL: DELETE FROM usuarios WHERE Email = %s | Params: ('carlos@test.com',)
2026-03-09 22:56:04 - JVDB2 - INFO - 1 registro(s) eliminado(s) de 'usuarios'
2026-03-09 22:56:04 - JVDB2 - INFO - SQL: DELETE FROM usuarios WHERE Email = %s | Params: ('maria@test.com',)
2026-03-09 22:56:04 - JVDB2 - INFO - 1 registro(s) eliminado(s) de 'usuarios'
2026-03-09 22:56:04 - JVDB2 - INFO - SQL: DELETE FROM usuarios WHERE Email = %s | Params: ('pedro@test.com',)
2026-03-09 22:56:05 - JVDB2 - INFO - 1 registro(s) eliminado(s) de 'usuarios'
2026-03-09 22:56:05 - JVDB2 - INFO - Cerrando pool de conexiones
2026-03-09 22:56:05 - JVDB2 - INFO - Pool cerrado
2026-03-09 22:56:05 - JVDB2 - INFO - Pool de conexiones cerrado
2026-03-09 22:56:05 - JVDB2 - INFO - Inicializando pool con 2 conexiones
2026-03-09 22:56:05 - JVDB2 - INFO - JVDB2 inicializado con pool de conexiones
2026-03-09 22:56:05 - JVDB2 - INFO - Transacción: BEGIN
2026-03-09 22:56:05 - JVDB2 - INFO - SQL: INSERT INTO usuarios (Nombre, Apellido, Email, Edad, Activo) VALUES (%s, %s, %s, %s, %s) | Params: ('Usuario0', 'Apellido0', 'usuario0@test.com', 20, 1)
2026-03-09 22:56:05 - JVDB2 - INFO - Registro insertado en 'usuarios'
2026-03-09 22:56:05 - JVDB2 - INFO - SQL: INSERT INTO usuarios (Nombre, Apellido, Email, Edad, Activo) VALUES (%s, %s, %s, %s, %s) | Params: ('Usuario1', 'Apellido1', 'usuario1@test.com', 21, 1)
2026-03-09 22:56:05 - JVDB2 - INFO - Registro insertado en 'usuarios'
2026-03-09 22:56:05 - JVDB2 - INFO - SQL: INSERT INTO usuarios (Nombre, Apellido, Email, Edad, Activo) VALUES (%s, %s, %s, %s, %s) | Params: ('Usuario2', 'Apellido2', 'usuario2@test.com', 22, 1)
2026-03-09 22:56:05 - JVDB2 - INFO - Registro insertado en 'usuarios'
2026-03-09 22:56:05 - JVDB2 - INFO - SQL: INSERT INTO usuarios (Nombre, Apellido, Email, Edad, Activo) VALUES (%s, %s, %s, %s, %s) | Params: ('Usuario3', 'Apellido3', 'usuario3@test.com', 23, 1)
2026-03-09 22:56:05 - JVDB2 - INFO - Registro insertado en 'usuarios'
2026-03-09 22:56:05 - JVDB2 - INFO - SQL: INSERT INTO usuarios (Nombre, Apellido, Email, Edad, Activo) VALUES (%s, %s, %s, %s, %s) | Params: ('Usuario4', 'Apellido4', 'usuario4@test.com', 24, 1)
2026-03-09 22:56:05 - JVDB2 - INFO - Registro insertado en 'usuarios'
2026-03-09 22:56:05 - JVDB2 - INFO - Transacción: COMMIT
2026-03-09 22:56:05 - JVDB2 - INFO - 5 registros insertados en 'usuarios'
2026-03-09 22:56:05 - JVDB2 - INFO - SQL: DELETE FROM usuarios WHERE Email = %s | Params: ('usuario0@test.com',)
2026-03-09 22:56:05 - JVDB2 - INFO - 1 registro(s) eliminado(s) de 'usuarios'
2026-03-09 22:56:05 - JVDB2 - INFO - SQL: DELETE FROM usuarios WHERE Email = %s | Params: ('usuario1@test.com',)
2026-03-09 22:56:05 - JVDB2 - INFO - 1 registro(s) eliminado(s) de 'usuarios'
2026-03-09 22:56:05 - JVDB2 - INFO - SQL: DELETE FROM usuarios WHERE Email = %s | Params: ('usuario2@test.com',)
2026-03-09 22:56:05 - JVDB2 - INFO - 1 registro(s) eliminado(s) de 'usuarios'
2026-03-09 22:56:05 - JVDB2 - INFO - SQL: DELETE FROM usuarios WHERE Email = %s | Params: ('usuario3@test.com',)
2026-03-09 22:56:05 - JVDB2 - INFO - 1 registro(s) eliminado(s) de 'usuarios'
2026-03-09 22:56:05 - JVDB2 - INFO - SQL: DELETE FROM usuarios WHERE Email = %s | Params: ('usuario4@test.com',)
2026-03-09 22:56:05 - JVDB2 - INFO - 1 registro(s) eliminado(s) de 'usuarios'
2026-03-09 22:56:05 - JVDB2 - INFO - Cerrando pool de conexiones
2026-03-09 22:56:05 - JVDB2 - INFO - Pool cerrado
2026-03-09 22:56:05 - JVDB2 - INFO - Pool de conexiones cerrado
2026-03-09 22:56:05 - JVDB2 - INFO - Cerrando pool de conexiones
2026-03-09 22:56:05 - JVDB2 - INFO - Pool cerrado
2026-03-09 22:56:05 - JVDB2 - INFO - Pool de conexiones cerrado
2026-03-09 22:56:05 - JVDB2 - INFO - Inicializando pool con 2 conexiones
2026-03-09 22:56:05 - JVDB2 - INFO - JVDB2 inicializado con pool de conexiones
2026-03-09 22:56:05 - JVDB2 - ERROR - Error en insertar: No se proporcionaron datos para insertar
Traceback (most recent call last):
  File "D:\xampp\htdocs\Proyecto-JVDataAccess\examples\python\..\..\src\python\jvdb\jvdb2.py", line 240, in insertar
    raise ValidationError("No se proporcionaron datos para insertar")
src.python.jvdb.exceptions.ValidationError: No se proporcionaron datos para insertar
2026-03-09 22:56:05 - JVDB2 - ERROR - Error en actualizar: Debe proporcionar identificador o where
Traceback (most recent call last):
  File "D:\xampp\htdocs\Proyecto-JVDataAccess\examples\python\..\..\src\python\jvdb\jvdb2.py", line 323, in actualizar
    raise ValidationError("Debe proporcionar identificador o where")
src.python.jvdb.exceptions.ValidationError: Debe proporcionar identificador o where
2026-03-09 22:56:05 - JVDB2 - INFO - SQL: SELECT * FROM tabla_que_no_existe
2026-03-09 22:56:05 - JVDB2 - INFO - Seleccionados 0 registros de 'tabla_que_no_existe'
2026-03-09 22:56:05 - JVDB2 - INFO - Cerrando pool de conexiones
2026-03-09 22:56:05 - JVDB2 - INFO - Pool cerrado
2026-03-09 22:56:05 - JVDB2 - INFO - Pool de conexiones cerrado
2026-03-09 22:56:05 - JVDB2 - INFO - Cerrando pool de conexiones
2026-03-09 22:56:05 - JVDB2 - INFO - Pool cerrado
2026-03-09 22:56:05 - JVDB2 - INFO - Pool de conexiones cerrado
2026-03-09 22:56:05 - JVDB2 - INFO - Inicializando pool con 2 conexiones
2026-03-09 22:56:05 - JVDB2 - INFO - JVDB2 inicializado con pool de conexiones
2026-03-09 22:56:05 - JVDB2 - INFO - SQL: SELECT Activo, COUNT(*) as total FROM usuarios GROUP BY Activo
2026-03-09 22:56:05 - JVDB2 - INFO - SQL: SELECT * FROM usuarios WHERE Edad > %s AND Activo = %s LIMIT 5 | Params: (25, 1)
2026-03-09 22:56:05 - JVDB2 - INFO - Cerrando pool de conexiones
2026-03-09 22:56:05 - JVDB2 - INFO - Pool cerrado
2026-03-09 22:56:05 - JVDB2 - INFO - Pool de conexiones cerrado
2026-03-09 22:56:05 - JVDB2 - INFO - Cerrando pool de conexiones
2026-03-09 22:56:05 - JVDB2 - INFO - Pool cerrado
2026-03-09 22:56:05 - JVDB2 - INFO - Pool de conexiones cerrado
2026-03-09 22:56:05 - JVDB2 - INFO - Cerrando pool de conexiones
2026-03-09 22:56:05 - JVDB2 - INFO - Pool cerrado
2026-03-09 22:56:05 - JVDB2 - INFO - Pool de conexiones cerrado
2026-03-09 23:10:39 - JVDB2 - INFO - Inicializando pool con 2 conexiones
2026-03-09 23:10:39 - JVDB2 - INFO - JVDB2 inicializado con pool de conexiones
2026-03-09 23:10:39 - JVDB2 - INFO - Cerrando pool de conexiones
2026-03-09 23:10:39 - JVDB2 - INFO - Pool cerrado
2026-03-09 23:10:39 - JVDB2 - INFO - Pool de conexiones cerrado
2026-03-09 23:10:39 - JVDB2 - INFO - Cerrando pool de conexiones
2026-03-09 23:10:39 - JVDB2 - INFO - Pool cerrado
2026-03-09 23:10:39 - JVDB2 - INFO - Pool de conexiones cerrado
2026-03-09 23:15:30 - JVDB2 - INFO - Inicializando pool con 2 conexiones
2026-03-09 23:15:30 - JVDB2 - INFO - JVDB2 inicializado con pool de conexiones
2026-03-09 23:15:30 - JVDB2 - INFO - SQL: SELECT * FROM usuarios ORDER BY Apellido ASC LIMIT 10
2026-03-09 23:15:30 - JVDB2 - INFO - Seleccionados 5 registros de 'usuarios'
2026-03-09 23:15:30 - JVDB2 - INFO - SQL: SELECT nombre, precio, stock FROM productos LIMIT 5
2026-03-09 23:15:30 - JVDB2 - INFO - Seleccionados 5 registros de 'productos'
2026-03-09 23:15:30 - JVDB2 - INFO - Cerrando pool de conexiones
2026-03-09 23:15:30 - JVDB2 - INFO - Pool cerrado
2026-03-09 23:15:30 - JVDB2 - INFO - Pool de conexiones cerrado
2026-03-09 23:15:37 - JVDB2 - INFO - Cerrando pool de conexiones
2026-03-09 23:15:37 - JVDB2 - INFO - Pool cerrado
2026-03-09 23:15:37 - JVDB2 - INFO - Pool de conexiones cerrado
2026-03-09 23:15:39 - JVDB2 - INFO - Inicializando pool con 2 conexiones
2026-03-09 23:15:39 - JVDB2 - INFO - JVDB2 inicializado con pool de conexiones
2026-03-09 23:15:39 - JVDB2 - INFO - SQL: SELECT * FROM usuarios WHERE Activo = %s ORDER BY Nombre ASC | Params: (1,)
2026-03-09 23:15:39 - JVDB2 - INFO - Seleccionados 4 registros de 'usuarios'
2026-03-09 23:15:39 - JVDB2 - INFO - SQL: SELECT * FROM usuarios WHERE Edad > %s AND Activo = %s ORDER BY Edad DESC | Params: (25, 1)
2026-03-09 23:15:47 - JVDB2 - INFO - Cerrando pool de conexiones
2026-03-09 23:15:47 - JVDB2 - INFO - Pool cerrado
2026-03-09 23:15:47 - JVDB2 - INFO - Pool de conexiones cerrado
2026-03-09 23:15:49 - JVDB2 - INFO - Cerrando pool de conexiones
2026-03-09 23:15:49 - JVDB2 - INFO - Pool cerrado
2026-03-09 23:15:49 - JVDB2 - INFO - Pool de conexiones cerrado
2026-03-09 23:15:51 - JVDB2 - INFO - Inicializando pool con 2 conexiones
2026-03-09 23:15:51 - JVDB2 - INFO - JVDB2 inicializado con pool de conexiones
2026-03-09 23:15:51 - JVDB2 - INFO - SQL: SELECT * FROM usuarios WHERE Activo = %s ORDER BY Nombre ASC | Params: (1,)
2026-03-09 23:15:51 - JVDB2 - INFO - Seleccionados 4 registros de 'usuarios'
2026-03-09 23:15:51 - JVDB2 - INFO - SQL: SELECT * FROM usuarios WHERE Edad > %s AND Activo = %s ORDER BY Edad DESC | Params: (25, 1)
2026-03-09 23:15:56 - JVDB2 - INFO - Cerrando pool de conexiones
2026-03-09 23:15:56 - JVDB2 - INFO - Pool cerrado
2026-03-09 23:15:56 - JVDB2 - INFO - Pool de conexiones cerrado
2026-03-09 23:15:58 - JVDB2 - INFO - Cerrando pool de conexiones
2026-03-09 23:15:58 - JVDB2 - INFO - Pool cerrado
2026-03-09 23:15:58 - JVDB2 - INFO - Pool de conexiones cerrado
2026-03-09 23:16:03 - JVDB2 - INFO - Inicializando pool con 2 conexiones
2026-03-09 23:16:03 - JVDB2 - INFO - JVDB2 inicializado con pool de conexiones
2026-03-09 23:16:18 - JVDB2 - INFO - SQL: INSERT INTO usuarios (Nombre, Apellido, Email, Edad, Activo) VALUES (%s, %s, %s, %s, %s) | Params: ('Agus', 'Morcillo', 'agus@gmail.com', 26, 1)
2026-03-09 23:16:18 - JVDB2 - INFO - Registro insertado en 'usuarios'
2026-03-09 23:16:18 - JVDB2 - INFO - Cerrando pool de conexiones
2026-03-09 23:16:18 - JVDB2 - INFO - Pool cerrado
2026-03-09 23:16:18 - JVDB2 - INFO - Pool de conexiones cerrado
2026-03-09 23:16:21 - JVDB2 - INFO - Cerrando pool de conexiones
2026-03-09 23:16:21 - JVDB2 - INFO - Pool cerrado
2026-03-09 23:16:21 - JVDB2 - INFO - Pool de conexiones cerrado
2026-03-09 23:16:42 - JVDB2 - INFO - Inicializando pool con 2 conexiones
2026-03-09 23:16:42 - JVDB2 - INFO - JVDB2 inicializado con pool de conexiones
2026-03-09 23:16:42 - JVDB2 - INFO - Transacción: BEGIN
2026-03-09 23:16:42 - JVDB2 - INFO - SQL: INSERT INTO usuarios (Nombre, Apellido, Email, Edad, Activo) VALUES (%s, %s, %s, %s, %s) | Params: ('Temporal', 'Rollback', 'temporal@rollback.com', 99, 1)
2026-03-09 23:16:43 - JVDB2 - INFO - Registro insertado en 'usuarios'
2026-03-09 23:16:43 - JVDB2 - INFO - Transacción: ROLLBACK
2026-03-09 23:16:43 - JVDB2 - ERROR - Error en transacción: Error simulado para demostrar rollback
Traceback (most recent call last):
  File "D:\xampp\htdocs\Proyecto-JVDataAccess\examples\python\..\..\src\python\jvdb\jvdb2.py", line 473, in transaction
    yield conn
  File "D:\xampp\htdocs\Proyecto-JVDataAccess\examples\python\menu_interactivo_v2.py", line 486, in ejemplo_transacciones
    raise Exception("Error simulado para demostrar rollback")
Exception: Error simulado para demostrar rollback
2026-03-09 23:16:43 - JVDB2 - INFO - Cerrando pool de conexiones
2026-03-09 23:16:43 - JVDB2 - INFO - Pool cerrado
2026-03-09 23:16:43 - JVDB2 - INFO - Pool de conexiones cerrado
2026-03-09 23:17:04 - JVDB2 - INFO - Inicializando pool con 2 conexiones
2026-03-09 23:17:04 - JVDB2 - INFO - JVDB2 inicializado con pool de conexiones
2026-03-09 23:17:04 - JVDB2 - INFO - SQL: SELECT AVG(Edad) as edad_promedio, MIN(Edad) as edad_min, MAX(Edad) as edad_max FROM usuarios WHERE Edad IS NOT NULL
2026-03-09 23:17:04 - JVDB2 - INFO - SQL: SELECT Activo, COUNT(*) as total FROM usuarios GROUP BY Activo
2026-03-09 23:17:04 - JVDB2 - INFO - Cerrando pool de conexiones
2026-03-09 23:17:04 - JVDB2 - INFO - Pool cerrado
2026-03-09 23:17:04 - JVDB2 - INFO - Pool de conexiones cerrado
2026-03-09 23:17:28 - JVDB2 - INFO - Cerrando pool de conexiones
2026-03-09 23:17:28 - JVDB2 - INFO - Pool cerrado
2026-03-09 23:17:28 - JVDB2 - INFO - Pool de conexiones cerrado
2026-03-09 23:17:35 - JVDB2 - INFO - Inicializando pool con 2 conexiones
2026-03-09 23:17:35 - JVDB2 - INFO - JVDB2 inicializado con pool de conexiones
2026-03-09 23:17:35 - JVDB2 - ERROR - Error en insertar: No se proporcionaron datos para insertar
Traceback (most recent call last):
  File "D:\xampp\htdocs\Proyecto-JVDataAccess\examples\python\..\..\src\python\jvdb\jvdb2.py", line 245, in insertar
    raise ValidationError("No se proporcionaron datos para insertar")
jvdb.exceptions.ValidationError: No se proporcionaron datos para insertar
2026-03-09 23:17:35 - JVDB2 - INFO - SQL: SELECT * FROM tabla_que_no_existe
2026-03-09 23:17:35 - JVDB2 - INFO - Seleccionados 0 registros de 'tabla_que_no_existe'
2026-03-09 23:17:35 - JVDB2 - INFO - SQL: SELECT * FROM usuarios LIMIT 1
2026-03-09 23:17:35 - JVDB2 - INFO - Seleccionados 1 registros de 'usuarios'
2026-03-09 23:17:35 - JVDB2 - INFO - SQL: INSERT INTO usuarios (Nombre, Apellido, Email, Edad, Activo) VALUES (%s, %s, %s, %s, %s) | Params: ('Duplicado', 'Test', 'juan.perez@example.com', 25, 1)
2026-03-09 23:17:35 - JVDB2 - INFO - Registro insertado en 'usuarios'
2026-03-09 23:17:35 - JVDB2 - INFO - Cerrando pool de conexiones
2026-03-09 23:17:35 - JVDB2 - INFO - Pool cerrado
2026-03-09 23:17:35 - JVDB2 - INFO - Pool de conexiones cerrado
2026-03-09 23:17:45 - JVDB2 - INFO - Cerrando pool de conexiones
2026-03-09 23:17:45 - JVDB2 - INFO - Pool cerrado
2026-03-09 23:17:45 - JVDB2 - INFO - Pool de conexiones cerrado
